<?xml version="1.0" encoding="UTF-8"?>
<!-- Generated by org.testng.reporters.JUnitReportReporter -->
<testsuite skipped="0" hostname="AA-PC" name="framework_testng.BeforeTest_and_AfterTest.Test_for_Chrome" tests="1" failures="0" timestamp="30 Mar 2019 06:49:14 GMT" time="0.000" errors="0">
  <testcase name="login" time="0.000" classname="framework_testng.BeforeTest_and_AfterTest.Test_for_Chrome"/>
</testsuite> <!-- framework_testng.BeforeTest_and_AfterTest.Test_for_Chrome -->
