<?xml version="1.0" encoding="UTF-8"?>
<!-- Generated by org.testng.reporters.JUnitReportReporter -->
<testsuite skipped="0" hostname="AA-PC" name="framework_testng.DP.DataProvider_With_Excel_Intergration" tests="8" failures="0" timestamp="02 Apr 2019 03:29:38 GMT" time="0.015" errors="0">
  <testcase name="Test_Data" time="0.000" classname="framework_testng.DP.DataProvider_With_Excel_Intergration"/>
  <testcase name="Test_Data" time="0.000" classname="framework_testng.DP.DataProvider_With_Excel_Intergration"/>
  <testcase name="Test_Data" time="0.000" classname="framework_testng.DP.DataProvider_With_Excel_Intergration"/>
  <testcase name="Test_Data" time="0.000" classname="framework_testng.DP.DataProvider_With_Excel_Intergration"/>
  <testcase name="Test_Data" time="0.000" classname="framework_testng.DP.DataProvider_With_Excel_Intergration"/>
  <testcase name="Test_Data" time="0.000" classname="framework_testng.DP.DataProvider_With_Excel_Intergration"/>
  <testcase name="Test_Data" time="0.015" classname="framework_testng.DP.DataProvider_With_Excel_Intergration"/>
  <testcase name="Test_Data" time="0.000" classname="framework_testng.DP.DataProvider_With_Excel_Intergration"/>
</testsuite> <!-- framework_testng.DP.DataProvider_With_Excel_Intergration -->
