<?xml version="1.0" encoding="UTF-8"?>
<!-- Generated by org.testng.reporters.JUnitReportReporter -->
<testsuite skipped="0" hostname="AA-PC" name="framework_testng.DP.Data_From_Diff_Class" tests="4" failures="0" timestamp="01 Apr 2019 03:43:48 GMT" time="0.015" errors="0">
  <testcase name="User_Data" time="0.000" classname="framework_testng.DP.Data_From_Diff_Class"/>
  <testcase name="User_Data" time="0.000" classname="framework_testng.DP.Data_From_Diff_Class"/>
  <testcase name="User_Data" time="0.000" classname="framework_testng.DP.Data_From_Diff_Class"/>
  <testcase name="User_Data" time="0.015" classname="framework_testng.DP.Data_From_Diff_Class"/>
</testsuite> <!-- framework_testng.DP.Data_From_Diff_Class -->
