<?xml version="1.0" encoding="UTF-8"?>
<!-- Generated by org.testng.reporters.JUnitReportReporter -->
<testsuite skipped="0" hostname="AA-PC" name="framework_testng.Before_class_And_AfterClass" tests="3" failures="0" timestamp="30 Mar 2019 04:43:50 GMT" time="0.000" errors="0">
  <testcase name="tc003" time="0.000" classname="framework_testng.Before_class_And_AfterClass"/>
  <testcase name="tc001" time="0.000" classname="framework_testng.Before_class_And_AfterClass"/>
  <testcase name="tc002" time="0.000" classname="framework_testng.Before_class_And_AfterClass"/>
</testsuite> <!-- framework_testng.Before_class_And_AfterClass -->
