<?xml version="1.0" encoding="UTF-8"?>
<!-- Generated by org.testng.reporters.JUnitReportReporter -->
<testsuite skipped="0" hostname="AA-PC" name="framework_testng.Webdriver_TestngClass" tests="3" failures="0" timestamp="30 Mar 2019 04:47:32 GMT" time="13.930" errors="0">
  <testcase name="verify_Signup_link" time="4.246" classname="framework_testng.Webdriver_TestngClass"/>
  <testcase name="verify_login_link" time="4.173" classname="framework_testng.Webdriver_TestngClass"/>
  <testcase name="verify_Messenger_link" time="5.511" classname="framework_testng.Webdriver_TestngClass"/>
</testsuite> <!-- framework_testng.Webdriver_TestngClass -->
