<?xml version="1.0" encoding="UTF-8"?>
<!-- Generated by org.testng.reporters.JUnitReportReporter -->
<testsuite skipped="0" hostname="AA-PC" name="framework_testng.Suite_Parameter.Get_Parameters_From_Suite" tests="4" failures="0" timestamp="30 Mar 2019 07:02:59 GMT" time="6.201" errors="0">
  <testcase name="launch_browser" time="2.950" classname="framework_testng.Suite_Parameter.Get_Parameters_From_Suite"/>
  <testcase name="loadWebpage" time="2.325" classname="framework_testng.Suite_Parameter.Get_Parameters_From_Suite"/>
  <testcase name="User_login" time="0.630" classname="framework_testng.Suite_Parameter.Get_Parameters_From_Suite"/>
  <testcase name="User_registration" time="0.296" classname="framework_testng.Suite_Parameter.Get_Parameters_From_Suite"/>
</testsuite> <!-- framework_testng.Suite_Parameter.Get_Parameters_From_Suite -->
