<?xml version="1.0" encoding="UTF-8"?>
<!-- Generated by org.testng.reporters.JUnitReportReporter -->
<testsuite skipped="0" hostname="AA-PC" name="framework_testng.Groups.TestSuite2" tests="2" failures="0" timestamp="30 Mar 2019 06:30:11 GMT" time="0.000" errors="0">
  <testcase name="tc006" time="0.000" classname="framework_testng.Groups.TestSuite2"/>
  <testcase name="tc004" time="0.000" classname="framework_testng.Groups.TestSuite2"/>
</testsuite> <!-- framework_testng.Groups.TestSuite2 -->
