<?xml version="1.0" encoding="UTF-8"?>
<!-- Generated by org.testng.reporters.JUnitReportReporter -->
<testsuite skipped="0" hostname="AA-PC" name="framework_testng.DP.DP_InputData" tests="4" failures="0" timestamp="01 Apr 2019 03:35:26 GMT" time="0.016" errors="0">
  <testcase name="user_data" time="0.000" classname="framework_testng.DP.DP_InputData"/>
  <testcase name="user_data" time="0.000" classname="framework_testng.DP.DP_InputData"/>
  <testcase name="user_data" time="0.016" classname="framework_testng.DP.DP_InputData"/>
  <testcase name="user_data" time="0.000" classname="framework_testng.DP.DP_InputData"/>
</testsuite> <!-- framework_testng.DP.DP_InputData -->
