<?xml version="1.0" encoding="UTF-8"?>
<!-- Generated by org.testng.reporters.JUnitReportReporter -->
<testsuite skipped="0" hostname="AA-PC" name="framework_testng.TestNg_WithExtentReports" tests="2" failures="0" timestamp="30 Mar 2019 05:37:47 GMT" time="0.877" errors="0">
  <testcase name="tc002_Verify_Downloadpage" time="0.862" classname="framework_testng.TestNg_WithExtentReports"/>
  <testcase name="tc001_VerifyHomepage" time="0.015" classname="framework_testng.TestNg_WithExtentReports"/>
</testsuite> <!-- framework_testng.TestNg_WithExtentReports -->
