<?xml version="1.0" encoding="UTF-8"?>
<!-- Generated by org.testng.reporters.JUnitReportReporter -->
<testsuite skipped="0" hostname="AA-PC" name="framework_testng.Invocation_Count" tests="13" failures="0" timestamp="30 Mar 2019 05:28:58 GMT" time="2.600" errors="0">
  <testcase name="test1" time="0.172" classname="framework_testng.Invocation_Count"/>
  <testcase name="test1" time="0.185" classname="framework_testng.Invocation_Count"/>
  <testcase name="test1" time="0.554" classname="framework_testng.Invocation_Count"/>
  <testcase name="test1" time="0.125" classname="framework_testng.Invocation_Count"/>
  <testcase name="test1" time="0.147" classname="framework_testng.Invocation_Count"/>
  <testcase name="test1" time="0.149" classname="framework_testng.Invocation_Count"/>
  <testcase name="test1" time="0.280" classname="framework_testng.Invocation_Count"/>
  <testcase name="test1" time="0.128" classname="framework_testng.Invocation_Count"/>
  <testcase name="test1" time="0.121" classname="framework_testng.Invocation_Count"/>
  <testcase name="test1" time="0.111" classname="framework_testng.Invocation_Count"/>
  <testcase name="test1" time="0.156" classname="framework_testng.Invocation_Count"/>
  <testcase name="test1" time="0.286" classname="framework_testng.Invocation_Count"/>
  <testcase name="test1" time="0.186" classname="framework_testng.Invocation_Count"/>
</testsuite> <!-- framework_testng.Invocation_Count -->
