<?xml version="1.0" encoding="UTF-8"?>
<!-- Generated by org.testng.reporters.JUnitReportReporter -->
<testsuite skipped="0" hostname="AA-PC" name="framework_testng.Groups.TestSuite1" tests="2" failures="0" timestamp="30 Mar 2019 06:30:11 GMT" time="0.015" errors="0">
  <testcase name="tc001" time="0.015" classname="framework_testng.Groups.TestSuite1"/>
  <testcase name="tc003" time="0.000" classname="framework_testng.Groups.TestSuite1"/>
</testsuite> <!-- framework_testng.Groups.TestSuite1 -->
