<?xml version="1.0" encoding="UTF-8"?>
<!-- Generated by org.testng.reporters.JUnitReportReporter -->
<testsuite skipped="0" hostname="AA-PC" name="framework_testng.My_Testng_Test" tests="3" failures="0" timestamp="30 Mar 2019 04:41:52 GMT" time="0.000" errors="0">
  <testcase name="tc002" time="0.000" classname="framework_testng.My_Testng_Test"/>
  <testcase name="tc003" time="0.000" classname="framework_testng.My_Testng_Test"/>
  <testcase name="tc001" time="0.000" classname="framework_testng.My_Testng_Test"/>
</testsuite> <!-- framework_testng.My_Testng_Test -->
