<?xml version="1.0" encoding="UTF-8"?>
<!-- Generated by org.testng.reporters.JUnitReportReporter -->
<testsuite skipped="0" hostname="AA-PC" name="framework_testng.BeforeMethod_And_AfterMethod" tests="1" failures="0" timestamp="30 Mar 2019 05:10:50 GMT" time="0.016" errors="0">
  <testcase name="tc002" time="0.016" classname="framework_testng.BeforeMethod_And_AfterMethod"/>
</testsuite> <!-- framework_testng.BeforeMethod_And_AfterMethod -->
