<?xml version="1.0" encoding="UTF-8"?>
<!-- Generated by org.testng.reporters.JUnitReportReporter -->
<testsuite skipped="0" hostname="AA-PC" name="framework_testng.Method_priority" tests="3" failures="0" timestamp="30 Mar 2019 04:52:11 GMT" time="0.016" errors="0">
  <testcase name="f" time="0.016" classname="framework_testng.Method_priority"/>
  <testcase name="x" time="0.000" classname="framework_testng.Method_priority"/>
  <testcase name="a" time="0.000" classname="framework_testng.Method_priority"/>
</testsuite> <!-- framework_testng.Method_priority -->
