<?xml version="1.0" encoding="UTF-8"?>
<!-- Generated by org.testng.reporters.JUnitReportReporter -->
<testsuite skipped="0" hostname="AA-PC" name="framework_testng.Testng_Method_Dependencies" tests="4" failures="0" timestamp="30 Mar 2019 05:26:32 GMT" time="0.031" errors="0">
  <testcase name="Browser_launch" time="0.016" classname="framework_testng.Testng_Method_Dependencies"/>
  <testcase name="App_Load" time="0.000" classname="framework_testng.Testng_Method_Dependencies"/>
  <testcase name="User_login" time="0.015" classname="framework_testng.Testng_Method_Dependencies"/>
  <testcase name="Search_email" time="0.000" classname="framework_testng.Testng_Method_Dependencies"/>
</testsuite> <!-- framework_testng.Testng_Method_Dependencies -->
