<?xml version="1.0" encoding="UTF-8"?>
<!-- Generated by org.testng.reporters.JUnitReportReporter -->
<testsuite skipped="0" hostname="AA-PC" name="framework_testng.TestSuite.Class3" tests="1" failures="0" timestamp="30 Mar 2019 06:22:20 GMT" time="0.000" errors="0">
  <testcase name="tc007" time="0.000" classname="framework_testng.TestSuite.Class3"/>
</testsuite> <!-- framework_testng.TestSuite.Class3 -->
